mode: count
github.com/titoffon/lru-cache-service/cmd/app/main.go:21.12,23.40 2 0
github.com/titoffon/lru-cache-service/cmd/app/main.go:23.40,25.3 1 0
github.com/titoffon/lru-cache-service/cmd/app/main.go:28.2,46.28 12 0
github.com/titoffon/lru-cache-service/cmd/app/main.go:46.28,49.3 1 0
github.com/titoffon/lru-cache-service/cmd/app/main.go:49.8,51.3 1 0
github.com/titoffon/lru-cache-service/cmd/app/main.go:54.2,66.36 5 0
github.com/titoffon/lru-cache-service/cmd/app/main.go:66.36,68.3 1 0
github.com/titoffon/lru-cache-service/cmd/app/main.go:71.45,72.15 1 0
github.com/titoffon/lru-cache-service/cmd/app/main.go:73.15,74.25 1 0
github.com/titoffon/lru-cache-service/cmd/app/main.go:75.14,76.24 1 0
github.com/titoffon/lru-cache-service/cmd/app/main.go:77.14,78.24 1 0
github.com/titoffon/lru-cache-service/cmd/app/main.go:79.15,80.25 1 0
github.com/titoffon/lru-cache-service/cmd/app/main.go:81.10,82.24 1 0
github.com/titoffon/lru-cache-service/cmd/app/main.go:21.12,23.40 2 0
github.com/titoffon/lru-cache-service/cmd/app/main.go:23.40,25.3 1 0
github.com/titoffon/lru-cache-service/cmd/app/main.go:28.2,46.28 12 0
github.com/titoffon/lru-cache-service/cmd/app/main.go:46.28,49.3 1 0
github.com/titoffon/lru-cache-service/cmd/app/main.go:49.8,51.3 1 0
github.com/titoffon/lru-cache-service/cmd/app/main.go:54.2,66.36 5 0
github.com/titoffon/lru-cache-service/cmd/app/main.go:66.36,68.3 1 0
github.com/titoffon/lru-cache-service/cmd/app/main.go:71.45,72.15 1 0
github.com/titoffon/lru-cache-service/cmd/app/main.go:73.15,74.25 1 0
github.com/titoffon/lru-cache-service/cmd/app/main.go:75.14,76.24 1 0
github.com/titoffon/lru-cache-service/cmd/app/main.go:77.14,78.24 1 0
github.com/titoffon/lru-cache-service/cmd/app/main.go:79.15,80.25 1 0
github.com/titoffon/lru-cache-service/cmd/app/main.go:81.10,82.24 1 0
github.com/titoffon/lru-cache-service/internal/cache/cache.go:56.68,62.2 1 5
github.com/titoffon/lru-cache-service/internal/cache/cache.go:64.101,68.14 3 7
github.com/titoffon/lru-cache-service/internal/cache/cache.go:68.14,70.3 1 0
github.com/titoffon/lru-cache-service/internal/cache/cache.go:72.2,74.34 2 7
github.com/titoffon/lru-cache-service/internal/cache/cache.go:74.34,80.3 4 0
github.com/titoffon/lru-cache-service/internal/cache/cache.go:83.2,83.32 1 7
github.com/titoffon/lru-cache-service/internal/cache/cache.go:83.32,85.3 1 0
github.com/titoffon/lru-cache-service/internal/cache/cache.go:87.2,97.12 4 7
github.com/titoffon/lru-cache-service/internal/cache/cache.go:100.89,105.9 4 2
github.com/titoffon/lru-cache-service/internal/cache/cache.go:105.9,107.3 1 1
github.com/titoffon/lru-cache-service/internal/cache/cache.go:110.2,110.43 1 1
github.com/titoffon/lru-cache-service/internal/cache/cache.go:110.43,115.3 3 0
github.com/titoffon/lru-cache-service/internal/cache/cache.go:118.2,120.50 2 1
github.com/titoffon/lru-cache-service/internal/cache/cache.go:123.81,127.23 3 4
github.com/titoffon/lru-cache-service/internal/cache/cache.go:127.23,129.3 1 3
github.com/titoffon/lru-cache-service/internal/cache/cache.go:131.2,136.21 4 1
github.com/titoffon/lru-cache-service/internal/cache/cache.go:136.21,139.48 1 2
github.com/titoffon/lru-cache-service/internal/cache/cache.go:139.48,142.4 2 2
github.com/titoffon/lru-cache-service/internal/cache/cache.go:143.3,143.25 1 2
github.com/titoffon/lru-cache-service/internal/cache/cache.go:146.2,146.26 1 1
github.com/titoffon/lru-cache-service/internal/cache/cache.go:149.80,154.9 4 2
github.com/titoffon/lru-cache-service/internal/cache/cache.go:154.9,156.3 1 1
github.com/titoffon/lru-cache-service/internal/cache/cache.go:158.2,162.17 4 1
github.com/titoffon/lru-cache-service/internal/cache/cache.go:165.56,173.2 6 4
github.com/titoffon/lru-cache-service/internal/cache/cache.go:178.47,180.21 1 1
github.com/titoffon/lru-cache-service/internal/cache/cache.go:180.21,182.3 1 1
github.com/titoffon/lru-cache-service/internal/cache/cache.go:183.2,184.20 2 0
github.com/titoffon/lru-cache-service/internal/cache/cache.go:192.47,193.22 1 1
github.com/titoffon/lru-cache-service/internal/cache/cache.go:193.22,195.3 1 0
github.com/titoffon/lru-cache-service/internal/cache/cache.go:195.8,197.3 1 1
github.com/titoffon/lru-cache-service/internal/cache/cache.go:198.2,198.22 1 1
github.com/titoffon/lru-cache-service/internal/cache/cache.go:198.22,200.3 1 0
github.com/titoffon/lru-cache-service/internal/cache/cache.go:200.8,202.3 1 1
github.com/titoffon/lru-cache-service/internal/cache/cache.go:205.46,209.19 3 7
github.com/titoffon/lru-cache-service/internal/cache/cache.go:209.19,211.3 1 2
github.com/titoffon/lru-cache-service/internal/cache/cache.go:212.2,214.19 2 7
github.com/titoffon/lru-cache-service/internal/cache/cache.go:214.19,216.3 1 5
github.com/titoffon/lru-cache-service/internal/cache/cache.go:219.37,220.19 1 0
github.com/titoffon/lru-cache-service/internal/cache/cache.go:220.19,222.3 1 0
github.com/titoffon/lru-cache-service/internal/cache/cache.go:223.2,225.35 3 0
github.com/titoffon/lru-cache-service/internal/server/handlers.go:30.69,34.61 3 4
github.com/titoffon/lru-cache-service/internal/server/handlers.go:34.61,42.3 3 1
github.com/titoffon/lru-cache-service/internal/server/handlers.go:43.2,43.19 1 3
github.com/titoffon/lru-cache-service/internal/server/handlers.go:43.19,50.3 3 1
github.com/titoffon/lru-cache-service/internal/server/handlers.go:52.2,53.27 2 2
github.com/titoffon/lru-cache-service/internal/server/handlers.go:53.27,54.26 1 2
github.com/titoffon/lru-cache-service/internal/server/handlers.go:54.26,61.4 3 1
github.com/titoffon/lru-cache-service/internal/server/handlers.go:62.3,62.53 1 1
github.com/titoffon/lru-cache-service/internal/server/handlers.go:65.2,66.66 2 1
github.com/titoffon/lru-cache-service/internal/server/handlers.go:66.66,73.3 3 0
github.com/titoffon/lru-cache-service/internal/server/handlers.go:75.3,81.35 2 1
github.com/titoffon/lru-cache-service/internal/server/handlers.go:84.68,88.15 3 3
github.com/titoffon/lru-cache-service/internal/server/handlers.go:88.15,95.3 3 1
github.com/titoffon/lru-cache-service/internal/server/handlers.go:97.2,98.16 2 2
github.com/titoffon/lru-cache-service/internal/server/handlers.go:98.16,99.34 1 1
github.com/titoffon/lru-cache-service/internal/server/handlers.go:99.34,105.4 3 1
github.com/titoffon/lru-cache-service/internal/server/handlers.go:106.3,111.9 3 0
github.com/titoffon/lru-cache-service/internal/server/handlers.go:114.2,125.3 4 1
github.com/titoffon/lru-cache-service/internal/server/handlers.go:128.71,132.16 3 2
github.com/titoffon/lru-cache-service/internal/server/handlers.go:132.16,138.3 3 0
github.com/titoffon/lru-cache-service/internal/server/handlers.go:139.2,139.20 1 2
github.com/titoffon/lru-cache-service/internal/server/handlers.go:139.20,144.3 3 1
github.com/titoffon/lru-cache-service/internal/server/handlers.go:146.2,159.3 4 1
github.com/titoffon/lru-cache-service/internal/server/handlers.go:162.71,166.15 3 3
github.com/titoffon/lru-cache-service/internal/server/handlers.go:166.15,173.3 3 1
github.com/titoffon/lru-cache-service/internal/server/handlers.go:174.2,175.16 2 2
github.com/titoffon/lru-cache-service/internal/server/handlers.go:175.16,176.34 1 1
github.com/titoffon/lru-cache-service/internal/server/handlers.go:176.34,182.4 3 1
github.com/titoffon/lru-cache-service/internal/server/handlers.go:183.3,184.9 2 0
github.com/titoffon/lru-cache-service/internal/server/handlers.go:187.3,193.37 2 1
github.com/titoffon/lru-cache-service/internal/server/handlers.go:196.74,199.54 2 2
github.com/titoffon/lru-cache-service/internal/server/handlers.go:199.54,205.3 3 0
github.com/titoffon/lru-cache-service/internal/server/handlers.go:207.2,211.37 2 2
github.com/titoffon/lru-cache-service/internal/server/server.go:18.60,37.2 8 0
github.com/titoffon/lru-cache-service/internal/server/server.go:39.32,42.47 3 0
github.com/titoffon/lru-cache-service/internal/server/server.go:42.47,44.3 1 0
github.com/titoffon/lru-cache-service/internal/server/server.go:45.2,45.12 1 0
github.com/titoffon/lru-cache-service/internal/server/server.go:48.68,49.71 1 0
github.com/titoffon/lru-cache-service/internal/server/server.go:49.71,59.3 2 0
github.com/titoffon/lru-cache-service/cmd/app/main.go:21.12,23.40 2 0
github.com/titoffon/lru-cache-service/cmd/app/main.go:23.40,25.3 1 0
github.com/titoffon/lru-cache-service/cmd/app/main.go:28.2,46.28 12 0
github.com/titoffon/lru-cache-service/cmd/app/main.go:46.28,49.3 1 0
github.com/titoffon/lru-cache-service/cmd/app/main.go:49.8,51.3 1 0
github.com/titoffon/lru-cache-service/cmd/app/main.go:54.2,66.36 5 0
github.com/titoffon/lru-cache-service/cmd/app/main.go:66.36,68.3 1 0
github.com/titoffon/lru-cache-service/cmd/app/main.go:71.45,72.15 1 0
github.com/titoffon/lru-cache-service/cmd/app/main.go:73.15,74.25 1 0
github.com/titoffon/lru-cache-service/cmd/app/main.go:75.14,76.24 1 0
github.com/titoffon/lru-cache-service/cmd/app/main.go:77.14,78.24 1 0
github.com/titoffon/lru-cache-service/cmd/app/main.go:79.15,80.25 1 0
github.com/titoffon/lru-cache-service/cmd/app/main.go:81.10,82.24 1 0
github.com/titoffon/lru-cache-service/internal/cache/cache.go:56.68,62.2 1 5
github.com/titoffon/lru-cache-service/internal/cache/cache.go:64.101,68.14 3 11
github.com/titoffon/lru-cache-service/internal/cache/cache.go:68.14,70.3 1 8
github.com/titoffon/lru-cache-service/internal/cache/cache.go:72.2,74.34 2 11
github.com/titoffon/lru-cache-service/internal/cache/cache.go:74.34,80.3 4 1
github.com/titoffon/lru-cache-service/internal/cache/cache.go:83.2,83.32 1 10
github.com/titoffon/lru-cache-service/internal/cache/cache.go:83.32,85.3 1 1
github.com/titoffon/lru-cache-service/internal/cache/cache.go:87.2,97.12 4 10
github.com/titoffon/lru-cache-service/internal/cache/cache.go:100.89,105.9 4 9
github.com/titoffon/lru-cache-service/internal/cache/cache.go:105.9,107.3 1 5
github.com/titoffon/lru-cache-service/internal/cache/cache.go:110.2,110.43 1 4
github.com/titoffon/lru-cache-service/internal/cache/cache.go:110.43,115.3 3 1
github.com/titoffon/lru-cache-service/internal/cache/cache.go:118.2,120.50 2 3
github.com/titoffon/lru-cache-service/internal/cache/cache.go:123.81,127.23 3 0
github.com/titoffon/lru-cache-service/internal/cache/cache.go:127.23,129.3 1 0
github.com/titoffon/lru-cache-service/internal/cache/cache.go:131.2,136.21 4 0
github.com/titoffon/lru-cache-service/internal/cache/cache.go:136.21,139.48 1 0
github.com/titoffon/lru-cache-service/internal/cache/cache.go:139.48,142.4 2 0
github.com/titoffon/lru-cache-service/internal/cache/cache.go:143.3,143.25 1 0
github.com/titoffon/lru-cache-service/internal/cache/cache.go:146.2,146.26 1 0
github.com/titoffon/lru-cache-service/internal/cache/cache.go:149.80,154.9 4 2
github.com/titoffon/lru-cache-service/internal/cache/cache.go:154.9,156.3 1 1
github.com/titoffon/lru-cache-service/internal/cache/cache.go:158.2,162.17 4 1
github.com/titoffon/lru-cache-service/internal/cache/cache.go:165.56,173.2 6 1
github.com/titoffon/lru-cache-service/internal/cache/cache.go:178.47,180.21 1 4
github.com/titoffon/lru-cache-service/internal/cache/cache.go:180.21,182.3 1 2
github.com/titoffon/lru-cache-service/internal/cache/cache.go:183.2,184.20 2 2
github.com/titoffon/lru-cache-service/internal/cache/cache.go:192.47,193.22 1 5
github.com/titoffon/lru-cache-service/internal/cache/cache.go:193.22,195.3 1 3
github.com/titoffon/lru-cache-service/internal/cache/cache.go:195.8,197.3 1 2
github.com/titoffon/lru-cache-service/internal/cache/cache.go:198.2,198.22 1 5
github.com/titoffon/lru-cache-service/internal/cache/cache.go:198.22,200.3 1 1
github.com/titoffon/lru-cache-service/internal/cache/cache.go:200.8,202.3 1 4
github.com/titoffon/lru-cache-service/internal/cache/cache.go:205.46,209.19 3 12
github.com/titoffon/lru-cache-service/internal/cache/cache.go:209.19,211.3 1 7
github.com/titoffon/lru-cache-service/internal/cache/cache.go:212.2,214.19 2 12
github.com/titoffon/lru-cache-service/internal/cache/cache.go:214.19,216.3 1 5
github.com/titoffon/lru-cache-service/internal/cache/cache.go:219.37,220.19 1 1
github.com/titoffon/lru-cache-service/internal/cache/cache.go:220.19,222.3 1 0
github.com/titoffon/lru-cache-service/internal/cache/cache.go:223.2,225.35 3 1
github.com/titoffon/lru-cache-service/internal/server/handlers.go:30.69,34.61 3 0
github.com/titoffon/lru-cache-service/internal/server/handlers.go:34.61,42.3 3 0
github.com/titoffon/lru-cache-service/internal/server/handlers.go:43.2,43.19 1 0
github.com/titoffon/lru-cache-service/internal/server/handlers.go:43.19,50.3 3 0
github.com/titoffon/lru-cache-service/internal/server/handlers.go:52.2,53.27 2 0
github.com/titoffon/lru-cache-service/internal/server/handlers.go:53.27,54.26 1 0
github.com/titoffon/lru-cache-service/internal/server/handlers.go:54.26,61.4 3 0
github.com/titoffon/lru-cache-service/internal/server/handlers.go:62.3,62.53 1 0
github.com/titoffon/lru-cache-service/internal/server/handlers.go:65.2,66.66 2 0
github.com/titoffon/lru-cache-service/internal/server/handlers.go:66.66,73.3 3 0
github.com/titoffon/lru-cache-service/internal/server/handlers.go:75.3,81.35 2 0
github.com/titoffon/lru-cache-service/internal/server/handlers.go:84.68,88.15 3 0
github.com/titoffon/lru-cache-service/internal/server/handlers.go:88.15,95.3 3 0
github.com/titoffon/lru-cache-service/internal/server/handlers.go:97.2,98.16 2 0
github.com/titoffon/lru-cache-service/internal/server/handlers.go:98.16,99.34 1 0
github.com/titoffon/lru-cache-service/internal/server/handlers.go:99.34,105.4 3 0
github.com/titoffon/lru-cache-service/internal/server/handlers.go:106.3,111.9 3 0
github.com/titoffon/lru-cache-service/internal/server/handlers.go:114.2,125.3 4 0
github.com/titoffon/lru-cache-service/internal/server/handlers.go:128.71,132.16 3 0
github.com/titoffon/lru-cache-service/internal/server/handlers.go:132.16,138.3 3 0
github.com/titoffon/lru-cache-service/internal/server/handlers.go:139.2,139.20 1 0
github.com/titoffon/lru-cache-service/internal/server/handlers.go:139.20,144.3 3 0
github.com/titoffon/lru-cache-service/internal/server/handlers.go:146.2,159.3 4 0
github.com/titoffon/lru-cache-service/internal/server/handlers.go:162.71,166.15 3 0
github.com/titoffon/lru-cache-service/internal/server/handlers.go:166.15,173.3 3 0
github.com/titoffon/lru-cache-service/internal/server/handlers.go:174.2,175.16 2 0
github.com/titoffon/lru-cache-service/internal/server/handlers.go:175.16,176.34 1 0
github.com/titoffon/lru-cache-service/internal/server/handlers.go:176.34,182.4 3 0
github.com/titoffon/lru-cache-service/internal/server/handlers.go:183.3,184.9 2 0
github.com/titoffon/lru-cache-service/internal/server/handlers.go:187.3,193.37 2 0
github.com/titoffon/lru-cache-service/internal/server/handlers.go:196.74,199.54 2 0
github.com/titoffon/lru-cache-service/internal/server/handlers.go:199.54,205.3 3 0
github.com/titoffon/lru-cache-service/internal/server/handlers.go:207.2,211.37 2 0
github.com/titoffon/lru-cache-service/internal/server/server.go:18.60,37.2 8 0
github.com/titoffon/lru-cache-service/internal/server/server.go:39.32,42.47 3 0
github.com/titoffon/lru-cache-service/internal/server/server.go:42.47,44.3 1 0
github.com/titoffon/lru-cache-service/internal/server/server.go:45.2,45.12 1 0
github.com/titoffon/lru-cache-service/internal/server/server.go:48.68,49.71 1 0
github.com/titoffon/lru-cache-service/internal/server/server.go:49.71,59.3 2 0
